<?xml version="1.0" encoding="UTF-8"?>
<!-- Generated by org.testng.reporters.JUnitXMLReporter -->
<testsuite ignored="0" hostname="DESKTOP-PVI9R6Q" failures="1" tests="5" name="TestNG" time="16.425" errors="0" timestamp="2023-07-24T12:26:03 GMT-04:00">
  <testcase classname="testngPractice.Google" name="title" time="0.015">
    <failure type="java.lang.AssertionError" message="The following asserts failed:
	expected [yahoo] but found [Google]">
      <![CDATA[java.lang.AssertionError: The following asserts failed:
expected [yahoo] but found [Google]
at testngPractice.Google.title(Google.java:51)
at java.base/java.util.ArrayList.forEach(ArrayList.java:1511)
... Removed 29 stack frames]]>
    </failure>
  </testcase> <!-- title -->
  <testcase classname="testngPractice.Google" name="search" time="3.114"/>
  <testcase classname="testngPractice.Google" name="search" time="3.177"/>
  <testcase classname="testngPractice.Google" name="search" time="3.099"/>
  <testcase classname="testngPractice.Google" name="search" time="3.094"/>
</testsuite> <!-- TestNG -->
