<?xml version="1.0" encoding="UTF-8"?>
<testng-results ignored="0" total="9" passed="7" failed="2" skipped="0">
  <reporter-output>
  </reporter-output>
  <suite started-at="2023-09-17T14:48:27 GMT-04:00" name="Suite" finished-at="2023-09-17T14:49:16 GMT-04:00" duration-ms="49686">
    <groups>
    </groups>
    <test started-at="2023-09-17T14:48:27 GMT-04:00" name="Test" finished-at="2023-09-17T14:49:16 GMT-04:00" duration-ms="49686">
      <class name="testLayer.Testclass">
        <test-method is-config="true" signature="initialsetup()[pri:0, instance:testLayer.Testclass@28261e8e]" started-at="2023-09-17T14:48:43 GMT-04:00" name="initialsetup" finished-at="2023-09-17T14:48:48 GMT-04:00" duration-ms="4655" status="PASS">
          <reporter-output>
          </reporter-output>
        </test-method> <!-- initialsetup -->
        <test-method signature="signin(java.lang.String,java.lang.String)[pri:0, instance:testLayer.Testclass@28261e8e]" started-at="2023-09-17T14:48:48 GMT-04:00" name="signin" data-provider="details" finished-at="2023-09-17T14:48:55 GMT-04:00" duration-ms="6604" status="PASS">
          <params>
            <param index="0">
              <value>
                <![CDATA[gurpreetk@yahoo.com]]>
              </value>
            </param>
            <param index="1">
              <value>
                <![CDATA[2345.0]]>
              </value>
            </param>
          </params>
          <reporter-output>
          </reporter-output>
        </test-method> <!-- signin -->
        <test-method is-config="true" signature="close()[pri:0, instance:testLayer.Testclass@28261e8e]" started-at="2023-09-17T14:48:55 GMT-04:00" name="close" finished-at="2023-09-17T14:48:55 GMT-04:00" duration-ms="123" status="PASS">
          <reporter-output>
          </reporter-output>
        </test-method> <!-- close -->
        <test-method is-config="true" signature="initialsetup()[pri:0, instance:testLayer.Testclass@28261e8e]" started-at="2023-09-17T14:48:55 GMT-04:00" name="initialsetup" finished-at="2023-09-17T14:48:58 GMT-04:00" duration-ms="3240" status="PASS">
          <reporter-output>
          </reporter-output>
        </test-method> <!-- initialsetup -->
        <test-method signature="signin(java.lang.String,java.lang.String)[pri:0, instance:testLayer.Testclass@28261e8e]" started-at="2023-09-17T14:48:58 GMT-04:00" name="signin" data-provider="details" finished-at="2023-09-17T14:49:05 GMT-04:00" duration-ms="7182" status="PASS">
          <params>
            <param index="0">
              <value>
                <![CDATA[baljeets12@gmail.com]]>
              </value>
            </param>
            <param index="1">
              <value>
                <![CDATA[67547.0]]>
              </value>
            </param>
          </params>
          <reporter-output>
          </reporter-output>
        </test-method> <!-- signin -->
        <test-method is-config="true" signature="close()[pri:0, instance:testLayer.Testclass@28261e8e]" started-at="2023-09-17T14:49:05 GMT-04:00" name="close" finished-at="2023-09-17T14:49:05 GMT-04:00" duration-ms="138" status="PASS">
          <reporter-output>
          </reporter-output>
        </test-method> <!-- close -->
        <test-method is-config="true" signature="initialsetup()[pri:0, instance:testLayer.Testclass@28261e8e]" started-at="2023-09-17T14:49:05 GMT-04:00" name="initialsetup" finished-at="2023-09-17T14:49:08 GMT-04:00" duration-ms="3002" status="PASS">
          <reporter-output>
          </reporter-output>
        </test-method> <!-- initialsetup -->
        <test-method signature="signin(java.lang.String,java.lang.String)[pri:0, instance:testLayer.Testclass@28261e8e]" started-at="2023-09-17T14:49:08 GMT-04:00" name="signin" data-provider="details" finished-at="2023-09-17T14:49:14 GMT-04:00" duration-ms="6242" status="PASS">
          <params>
            <param index="0">
              <value>
                <![CDATA[banmeets457@gmail.com]]>
              </value>
            </param>
            <param index="1">
              <value>
                <![CDATA[89654.0]]>
              </value>
            </param>
          </params>
          <reporter-output>
          </reporter-output>
        </test-method> <!-- signin -->
        <test-method is-config="true" signature="close()[pri:0, instance:testLayer.Testclass@28261e8e]" started-at="2023-09-17T14:49:14 GMT-04:00" name="close" finished-at="2023-09-17T14:49:15 GMT-04:00" duration-ms="147" status="PASS">
          <reporter-output>
          </reporter-output>
        </test-method> <!-- close -->
        <test-method is-config="true" signature="initialsetup()[pri:0, instance:testLayer.Testclass@28261e8e]" started-at="2023-09-17T14:49:15 GMT-04:00" name="initialsetup" finished-at="2023-09-17T14:49:16 GMT-04:00" duration-ms="1523" status="PASS">
          <reporter-output>
          </reporter-output>
        </test-method> <!-- initialsetup -->
        <test-method signature="title()[pri:1, instance:testLayer.Testclass@28261e8e]" started-at="2023-09-17T14:49:16 GMT-04:00" name="title" finished-at="2023-09-17T14:49:16 GMT-04:00" duration-ms="8" status="FAIL">
          <exception class="java.lang.AssertionError">
            <message>
              <![CDATA[expected [Sign in] but found [Loading...]]]>
            </message>
            <full-stacktrace>
              <![CDATA[java.lang.AssertionError: expected [Sign in] but found [Loading...]
at org.testng.Assert.fail(Assert.java:110)
at org.testng.Assert.failNotEquals(Assert.java:1577)
at org.testng.Assert.assertEqualsImpl(Assert.java:149)
at org.testng.Assert.assertEquals(Assert.java:131)
at org.testng.Assert.assertEquals(Assert.java:655)
at org.testng.Assert.assertEquals(Assert.java:665)
at testLayer.Testclass.title(Testclass.java:29)
at java.base/jdk.internal.reflect.NativeMethodAccessorImpl.invoke0(Native Method)
at java.base/jdk.internal.reflect.NativeMethodAccessorImpl.invoke(NativeMethodAccessorImpl.java:77)
at java.base/jdk.internal.reflect.DelegatingMethodAccessorImpl.invoke(DelegatingMethodAccessorImpl.java:43)
at java.base/java.lang.reflect.Method.invoke(Method.java:568)
at org.testng.internal.invokers.MethodInvocationHelper.invokeMethod(MethodInvocationHelper.java:139)
at org.testng.internal.invokers.TestInvoker.invokeMethod(TestInvoker.java:677)
at org.testng.internal.invokers.TestInvoker.invokeTestMethod(TestInvoker.java:221)
at org.testng.internal.invokers.MethodRunner.runInSequence(MethodRunner.java:50)
at org.testng.internal.invokers.TestInvoker$MethodInvocationAgent.invoke(TestInvoker.java:969)
at org.testng.internal.invokers.TestInvoker.invokeTestMethods(TestInvoker.java:194)
at org.testng.internal.invokers.TestMethodWorker.invokeTestMethods(TestMethodWorker.java:148)
at org.testng.internal.invokers.TestMethodWorker.run(TestMethodWorker.java:128)
at java.base/java.util.ArrayList.forEach(ArrayList.java:1511)
at org.testng.TestRunner.privateRun(TestRunner.java:829)
at org.testng.TestRunner.run(TestRunner.java:602)
at org.testng.SuiteRunner.runTest(SuiteRunner.java:437)
at org.testng.SuiteRunner.runSequentially(SuiteRunner.java:431)
at org.testng.SuiteRunner.privateRun(SuiteRunner.java:391)
at org.testng.SuiteRunner.run(SuiteRunner.java:330)
at org.testng.SuiteRunnerWorker.runSuite(SuiteRunnerWorker.java:52)
at org.testng.SuiteRunnerWorker.run(SuiteRunnerWorker.java:95)
at org.testng.TestNG.runSuitesSequentially(TestNG.java:1256)
at org.testng.TestNG.runSuitesLocally(TestNG.java:1176)
at org.testng.TestNG.runSuites(TestNG.java:1099)
at org.testng.TestNG.run(TestNG.java:1067)
at org.testng.remote.AbstractRemoteTestNG.run(AbstractRemoteTestNG.java:115)
at org.testng.remote.RemoteTestNG.initAndRun(RemoteTestNG.java:251)
at org.testng.remote.RemoteTestNG.main(RemoteTestNG.java:77)
]]>
            </full-stacktrace>
          </exception> <!-- java.lang.AssertionError -->
          <reporter-output>
          </reporter-output>
        </test-method> <!-- title -->
        <test-method is-config="true" signature="close()[pri:0, instance:testLayer.Testclass@28261e8e]" started-at="2023-09-17T14:49:16 GMT-04:00" name="close" finished-at="2023-09-17T14:49:16 GMT-04:00" duration-ms="109" status="PASS">
          <reporter-output>
          </reporter-output>
        </test-method> <!-- close -->
      </class> <!-- testLayer.Testclass -->
      <class name="testngPractice.Google">
        <test-method is-config="true" signature="driversetup()[pri:0, instance:testngPractice.Google@17f9d882]" started-at="2023-09-17T14:48:25 GMT-04:00" name="driversetup" finished-at="2023-09-17T14:48:27 GMT-04:00" duration-ms="1857" status="PASS">
          <reporter-output>
          </reporter-output>
        </test-method> <!-- driversetup -->
        <test-method is-config="true" signature="wait1()[pri:0, instance:testngPractice.Google@17f9d882]" started-at="2023-09-17T14:48:27 GMT-04:00" name="wait1" finished-at="2023-09-17T14:48:27 GMT-04:00" duration-ms="8" status="PASS">
          <reporter-output>
          </reporter-output>
        </test-method> <!-- wait1 -->
        <test-method is-config="true" signature="window()[pri:0, instance:testngPractice.Google@17f9d882]" started-at="2023-09-17T14:48:27 GMT-04:00" name="window" finished-at="2023-09-17T14:48:27 GMT-04:00" duration-ms="118" status="PASS">
          <reporter-output>
          </reporter-output>
        </test-method> <!-- window -->
        <test-method is-config="true" signature="url()[pri:0, instance:testngPractice.Google@17f9d882]" started-at="2023-09-17T14:48:27 GMT-04:00" name="url" finished-at="2023-09-17T14:48:28 GMT-04:00" duration-ms="1415" status="PASS">
          <reporter-output>
          </reporter-output>
        </test-method> <!-- url -->
        <test-method signature="title()[pri:1, instance:testngPractice.Google@17f9d882]" started-at="2023-09-17T14:48:28 GMT-04:00" name="title" finished-at="2023-09-17T14:48:28 GMT-04:00" duration-ms="21" status="FAIL">
          <exception class="java.lang.AssertionError">
            <message>
              <![CDATA[The following asserts failed:
expected [yahoo] but found [Google]]]>
            </message>
            <full-stacktrace>
              <![CDATA[java.lang.AssertionError: The following asserts failed:
expected [yahoo] but found [Google]
at org.testng.asserts.SoftAssert.assertAll(SoftAssert.java:46)
at org.testng.asserts.SoftAssert.assertAll(SoftAssert.java:30)
at testngPractice.Google.title(Google.java:53)
at java.base/jdk.internal.reflect.NativeMethodAccessorImpl.invoke0(Native Method)
at java.base/jdk.internal.reflect.NativeMethodAccessorImpl.invoke(NativeMethodAccessorImpl.java:77)
at java.base/jdk.internal.reflect.DelegatingMethodAccessorImpl.invoke(DelegatingMethodAccessorImpl.java:43)
at java.base/java.lang.reflect.Method.invoke(Method.java:568)
at org.testng.internal.invokers.MethodInvocationHelper.invokeMethod(MethodInvocationHelper.java:139)
at org.testng.internal.invokers.TestInvoker.invokeMethod(TestInvoker.java:677)
at org.testng.internal.invokers.TestInvoker.invokeTestMethod(TestInvoker.java:221)
at org.testng.internal.invokers.MethodRunner.runInSequence(MethodRunner.java:50)
at org.testng.internal.invokers.TestInvoker$MethodInvocationAgent.invoke(TestInvoker.java:969)
at org.testng.internal.invokers.TestInvoker.invokeTestMethods(TestInvoker.java:194)
at org.testng.internal.invokers.TestMethodWorker.invokeTestMethods(TestMethodWorker.java:148)
at org.testng.internal.invokers.TestMethodWorker.run(TestMethodWorker.java:128)
at java.base/java.util.ArrayList.forEach(ArrayList.java:1511)
at org.testng.TestRunner.privateRun(TestRunner.java:829)
at org.testng.TestRunner.run(TestRunner.java:602)
at org.testng.SuiteRunner.runTest(SuiteRunner.java:437)
at org.testng.SuiteRunner.runSequentially(SuiteRunner.java:431)
at org.testng.SuiteRunner.privateRun(SuiteRunner.java:391)
at org.testng.SuiteRunner.run(SuiteRunner.java:330)
at org.testng.SuiteRunnerWorker.runSuite(SuiteRunnerWorker.java:52)
at org.testng.SuiteRunnerWorker.run(SuiteRunnerWorker.java:95)
at org.testng.TestNG.runSuitesSequentially(TestNG.java:1256)
at org.testng.TestNG.runSuitesLocally(TestNG.java:1176)
at org.testng.TestNG.runSuites(TestNG.java:1099)
at org.testng.TestNG.run(TestNG.java:1067)
at org.testng.remote.AbstractRemoteTestNG.run(AbstractRemoteTestNG.java:115)
at org.testng.remote.RemoteTestNG.initAndRun(RemoteTestNG.java:251)
at org.testng.remote.RemoteTestNG.main(RemoteTestNG.java:77)
]]>
            </full-stacktrace>
          </exception> <!-- java.lang.AssertionError -->
          <reporter-output>
          </reporter-output>
        </test-method> <!-- title -->
        <test-method is-config="true" signature="url()[pri:0, instance:testngPractice.Google@17f9d882]" started-at="2023-09-17T14:48:28 GMT-04:00" name="url" finished-at="2023-09-17T14:48:29 GMT-04:00" duration-ms="543" status="PASS">
          <reporter-output>
          </reporter-output>
        </test-method> <!-- url -->
        <test-method signature="search(java.lang.String)[pri:2, instance:testngPractice.Google@17f9d882]" started-at="2023-09-17T14:48:29 GMT-04:00" name="search" data-provider="keywords" finished-at="2023-09-17T14:48:32 GMT-04:00" duration-ms="3100" status="PASS">
          <params>
            <param index="0">
              <value>
                <![CDATA[amritvela]]>
              </value>
            </param>
          </params>
          <reporter-output>
          </reporter-output>
        </test-method> <!-- search -->
        <test-method is-config="true" signature="url()[pri:0, instance:testngPractice.Google@17f9d882]" started-at="2023-09-17T14:48:32 GMT-04:00" name="url" finished-at="2023-09-17T14:48:32 GMT-04:00" duration-ms="507" status="PASS">
          <reporter-output>
          </reporter-output>
        </test-method> <!-- url -->
        <test-method signature="search(java.lang.String)[pri:2, instance:testngPractice.Google@17f9d882]" started-at="2023-09-17T14:48:32 GMT-04:00" name="search" data-provider="keywords" finished-at="2023-09-17T14:48:35 GMT-04:00" duration-ms="3065" status="PASS">
          <params>
            <param index="0">
              <value>
                <![CDATA[simran]]>
              </value>
            </param>
          </params>
          <reporter-output>
          </reporter-output>
        </test-method> <!-- search -->
        <test-method is-config="true" signature="url()[pri:0, instance:testngPractice.Google@17f9d882]" started-at="2023-09-17T14:48:35 GMT-04:00" name="url" finished-at="2023-09-17T14:48:36 GMT-04:00" duration-ms="507" status="PASS">
          <reporter-output>
          </reporter-output>
        </test-method> <!-- url -->
        <test-method signature="search(java.lang.String)[pri:2, instance:testngPractice.Google@17f9d882]" started-at="2023-09-17T14:48:36 GMT-04:00" name="search" data-provider="keywords" finished-at="2023-09-17T14:48:39 GMT-04:00" duration-ms="3075" status="PASS">
          <params>
            <param index="0">
              <value>
                <![CDATA[nitnem]]>
              </value>
            </param>
          </params>
          <reporter-output>
          </reporter-output>
        </test-method> <!-- search -->
        <test-method is-config="true" signature="url()[pri:0, instance:testngPractice.Google@17f9d882]" started-at="2023-09-17T14:48:39 GMT-04:00" name="url" finished-at="2023-09-17T14:48:39 GMT-04:00" duration-ms="415" status="PASS">
          <reporter-output>
          </reporter-output>
        </test-method> <!-- url -->
        <test-method signature="search(java.lang.String)[pri:2, instance:testngPractice.Google@17f9d882]" started-at="2023-09-17T14:48:39 GMT-04:00" name="search" data-provider="keywords" finished-at="2023-09-17T14:48:42 GMT-04:00" duration-ms="3074" status="PASS">
          <params>
            <param index="0">
              <value>
                <![CDATA[bhagti]]>
              </value>
            </param>
          </params>
          <reporter-output>
          </reporter-output>
        </test-method> <!-- search -->
      </class> <!-- testngPractice.Google -->
    </test> <!-- Test -->
  </suite> <!-- Suite -->
</testng-results>
